<?xml version="1.0" encoding="UTF-8"?>
<!-- Generated by org.testng.reporters.JUnitReportReporter -->
<testsuite hostname="Nitha" failures="0" tests="1" name="maintest.Maintest" time="84.131" errors="0" timestamp="2023-07-30T17:16:03 IST" skipped="0">
  <testcase classname="maintest.Maintest" name="run" time="84.131"/>
</testsuite> <!-- maintest.Maintest -->
